<?xml version="1.0" encoding="UTF-8"?>
<testsuite name="com.junitproj.test.services.TestAppService" tests="4" skipped="0" failures="0" errors="0" timestamp="2016-06-19T01:38:13" hostname="ONE7-FAL136234" time="1.423">
  <properties/>
  <testcase name="testDeleteEmployee" classname="com.junitproj.test.services.TestAppService" time="0.783"/>
  <testcase name="testEmployeeNotExists" classname="com.junitproj.test.services.TestAppService" time="0.228"/>
  <testcase name="testAddEmployee" classname="com.junitproj.test.services.TestAppService" time="0.186"/>
  <testcase name="testSearchEmployee" classname="com.junitproj.test.services.TestAppService" time="0.224"/>
  <system-out><![CDATA[0    INFO  [Test worker] org.springframework.context.support.ClassPathXmlApplicationContext     - Refreshing org.springframework.context.support.ClassPathXmlApplicationContext@88a4cf39: display name [org.springframework.context.support.ClassPathXmlApplicationContext@88a4cf39]; startup date [Sun Jun 19 11:38:13 AEST 2016]; root of context hierarchy
55   INFO  [Test worker] org.springframework.beans.factory.xml.XmlBeanDefinitionReader     - Loading XML bean definitions from class path resource [application-context.xml]
614  INFO  [Test worker] org.springframework.context.support.ClassPathXmlApplicationContext     - Bean factory for application context [org.springframework.context.support.ClassPathXmlApplicationContext@88a4cf39]: org.springframework.beans.factory.support.DefaultListableBeanFactory@a67c7d21
636  INFO  [Test worker] org.springframework.beans.factory.support.DefaultListableBeanFactory     - Pre-instantiating singletons in org.springframework.beans.factory.support.DefaultListableBeanFactory@a67c7d21: defining beans [serviceFactory,dbEmployeeService,employeeDao,mockEmployeeDao]; root of factory hierarchy
675  INFO  [Test worker] org.springframework.context.support.ClassPathXmlApplicationContext     - Refreshing org.springframework.context.support.ClassPathXmlApplicationContext@5abf33e7: display name [org.springframework.context.support.ClassPathXmlApplicationContext@5abf33e7]; startup date [Sun Jun 19 11:38:14 AEST 2016]; root of context hierarchy
675  INFO  [Test worker] org.springframework.beans.factory.xml.XmlBeanDefinitionReader     - Loading XML bean definitions from class path resource [application-context.xml]
901  INFO  [Test worker] org.springframework.context.support.ClassPathXmlApplicationContext     - Bean factory for application context [org.springframework.context.support.ClassPathXmlApplicationContext@5abf33e7]: org.springframework.beans.factory.support.DefaultListableBeanFactory@ef9ae0bf
902  INFO  [Test worker] org.springframework.beans.factory.support.DefaultListableBeanFactory     - Pre-instantiating singletons in org.springframework.beans.factory.support.DefaultListableBeanFactory@ef9ae0bf: defining beans [serviceFactory,dbEmployeeService,employeeDao,mockEmployeeDao]; root of factory hierarchy
904  INFO  [Test worker] org.springframework.context.support.ClassPathXmlApplicationContext     - Refreshing org.springframework.context.support.ClassPathXmlApplicationContext@3d1aa53c: display name [org.springframework.context.support.ClassPathXmlApplicationContext@3d1aa53c]; startup date [Sun Jun 19 11:38:14 AEST 2016]; root of context hierarchy
904  INFO  [Test worker] org.springframework.beans.factory.xml.XmlBeanDefinitionReader     - Loading XML bean definitions from class path resource [application-context.xml]
1088 INFO  [Test worker] org.springframework.context.support.ClassPathXmlApplicationContext     - Bean factory for application context [org.springframework.context.support.ClassPathXmlApplicationContext@3d1aa53c]: org.springframework.beans.factory.support.DefaultListableBeanFactory@36213e3b
1089 INFO  [Test worker] org.springframework.beans.factory.support.DefaultListableBeanFactory     - Pre-instantiating singletons in org.springframework.beans.factory.support.DefaultListableBeanFactory@36213e3b: defining beans [serviceFactory,dbEmployeeService,employeeDao,mockEmployeeDao]; root of factory hierarchy
1090 INFO  [Test worker] org.springframework.context.support.ClassPathXmlApplicationContext     - Refreshing org.springframework.context.support.ClassPathXmlApplicationContext@fbb08aa1: display name [org.springframework.context.support.ClassPathXmlApplicationContext@fbb08aa1]; startup date [Sun Jun 19 11:38:14 AEST 2016]; root of context hierarchy
1090 INFO  [Test worker] org.springframework.beans.factory.xml.XmlBeanDefinitionReader     - Loading XML bean definitions from class path resource [application-context.xml]
1309 INFO  [Test worker] org.springframework.context.support.ClassPathXmlApplicationContext     - Bean factory for application context [org.springframework.context.support.ClassPathXmlApplicationContext@fbb08aa1]: org.springframework.beans.factory.support.DefaultListableBeanFactory@886ce1ed
1312 INFO  [Test worker] org.springframework.beans.factory.support.DefaultListableBeanFactory     - Pre-instantiating singletons in org.springframework.beans.factory.support.DefaultListableBeanFactory@886ce1ed: defining beans [serviceFactory,dbEmployeeService,employeeDao,mockEmployeeDao]; root of factory hierarchy
]]></system-out>
  <system-err><![CDATA[]]></system-err>
</testsuite>
